100
0 0 3 4 12 18 481 30 1568 412 56 1 32 525 17 960 15 83 73 8 84 95 300
1 8 0 3 652 269 2 44 1 489 3381 2412 1528 3776 1542 303 2377 26 942 6153 1755 766 371 33 31 38
2 590 4 0 61 4518 707 21 167 859 883 628 114 616 15 35 381 8 4595 2182 27 7 5638 32 1 2 20 394 183
3 813 2622 12 76 460 11 8 2993 16 48 41 26 392 0 519 9 17 4212 36 4765 46 779 689 29 1402 24 180 5911 13 643 25 284
4 29 243 87 12 2313 74 0 57 4 132 2215 11 71 7 1319 327 279 2351 8 3358 153 940 5 3 846 1 83 6 285 53
5 2056 0 853 4 28 717 5 7 2 15 27 47 20 670 116 24 44 6 13 2914 55 26 30 310 1 920
6 1061 450 655 2807 10 134 0 1554 7 3115 2519 32 2576 2 9541 3897 1 4 2058 153 69 3 3928 2490 19 84 6204 30 87 61 319
7 2576 2 5 1404 15 244 0 2937 5199 4902 1251 1466 154 58 10 212 3995 3437 49 2523 6 131 21 1520 11 110 28 1 2036
8 576 2 98 8187 70 6 1 0 8 55 62 2955 190 4413 14 71 80 1241 13 2380 9 58 3 153 300 518
9 10 9 8225 1 3255 77 4876 9019 8645 30 112 0 55 119 16 1202 3 389 19 268 35 51 18 264 2253 7 20 95 6 300
10 201 6410 1 4 0 1180 88 1268 27 3 17 81 4442 11 203 9197 13 2016 598 138 10 353 26 3838 319 39 2415 1787 613 300 3526 5217
11 5 125 8389 37 847 3 0 1 509 2135 20 4100 542 836 2 174 6 1123 832 113 48 7645 284
12 21 53 377 15 5612 0 1117 1 110 4 645 8 2225 25 13 454 5434 2 66 5 36 7 7161 942 59 20 1277 22 6 38 6389
13 24 0 849 5764 2 58 21 1719 6 30 86 971 402 3643 11 3 141 3231 19 9 671 7664 20 284
14 694 1 4293 3 9777 112 0 159 7 18 1461 26 154 7605 103 143 2651 303 4 196 2317 9 10 25 6 1620
15 1 0 4706 19 91 5 114 4 9206 139 328 26 2938 2 3 364 10 2081 2145 30 1291 285 3012
16 497 2 352 17 3 452 88 0 25 125 226 120 5 1 866 85
17 5088 1 696 2 0 24 13 6613 8 136 139 11 126 73 29 491 161 489 4 17 89 107 83 91 5064 319 8632
18 350 5 360 44 19 83 1930 685 2 0 7113 794 62 1 4 526 173 8768 7105 8 6 9 1310 10 7754 22
19 2471 0 37 3 67 60 9 1 4135 1059 87 11 3018 1497 22 274 47 93 254 32 2 27 10 3542 9847 7 237
20 177 0 294 20 186 58 2 7 187 16 181 30 95 565 1 261 63 134 6 21 331 89 3 427 48 68 11 56 15 87
21 741 468 3 187 10 3410 1 0 1300 6 7124 603 117 14 132 177 15 2 48 319 359 229 505 3003 1688
22 0 29 5 69 548 593 1 250 43 107 117 1005 4 77 16 1237 291 2 26 94 1090 35 4448 76
23 3704 182 140 12 1136 44 178 114 2 0 1 2521 8051 674 1268 11 340 2799 6 628 3 249 282 6261 4883
24 3 91 27 1285 3503 1399 8 53 1 11 15 143 306 1486 163 9453 54 373 0 1293 743 1361 2 82 562
25 466 1 4077 72 0 4327 7 2 3 3729 635 77 2293 288 27 2491 32 245 147 62 4 2181 12 2066 319
26 168 375 0 1 4276 59 798 47 6295 2 372 1337 14 4213 16 4 24 22 30 3 135 257 6 3028
27 20 12 76 605 1665 696 2 7 0 1 70 59 49 631 4 132 18 468 17 145 51 1973 31 74 62 37 583 518 6142
28 180 3841 56 8 144 3 2398 33 4751 6 4744 188 0 6365 430 58 2 1974 4 145 1123 6142 1 25 22 787 1088 7177 8906 5815
29 4 1 286 64 0 136 48 10 7047 4724 264 28 70 2258 1352 145 2 9990 1722 284
30 8 0 47 2162 10 494 30 35 292 3 5 1 49 1043 48 21 9 4 1226 502
31 64 0 4044 1232 2141 5 53 246 8788 6 5003 12 13 1265 45 3 642 35 19 10 14 4 8 20 724 21 6312 98 2499 4751
32 0 146 114 10 4 245 374 3 429 391 56 1 24 8 72 480 105 20 28 3361 293 58 32 499 912 982 3847 6048 518
33 125 5 298 426 1 5325 4 347 7 4086 71 34 3 452 48 8 72 0 11 14 58 2 709 1360 118 558 518 7389 284
34 1208 4 196 1 102 0 7 1978 3 274 24 2 115 6929 4136 328 411 594 296 2577 352
35 45 13 4 39 2303 14 580 1 67 0 16 3497 1025 274 2 7 42 185 119 55 4408 102 28 9 1189 6704
36 104 0 8 3114 1 5373 2 52 2549 6 5 7 3 6797 11 3233 178 114 622 12 30 1781 87 123 5434 319
37 1 38 3 8998 155 806 335 0 5 18 2419 76 4 2719 931 2 407 342 455 6 100 17 321 1375 87 319
38 594 8 463 0 5515 757 3370 4619 787 30 22 67 109 6 8993 319 23 116 25 17 476 440 355 9 443 2 18 46 10 37 5 1247 62 7315
39 3 0 16 8762 1 767 2161 7 62 76 2986 23 55 44 4 18 2545 4812 31 9 137 26 8253 708 486 46 394 13 61 502 1050 518 284
40 4647 89 0 64 5 69 262 842 19 4 46 81 43 1 509 20 40 3 388 732 1293 6 729 2464 1150 10 512 8 2 61 62
41 155 8 56 25 904 105 1 330 17 2861 132 4 344 410 97 9163 3975 66 1212 14 759 36 84 5 104 9409 502 0 3 23 6
42 58 4 21 6843 5 639 1 57 104 48 821 13 2233 0 1710 16 1479 20 2817 4347 11 552 50 2010 38 182 6 518
43 849 0 1 129 1051 3 11 1224 4 7890 76 5 6 1545 7 2317 9 2 673 18 1925 49 17 91 154 108 315 3916
44 9 201 17 0 1400 59 8749 12 451 68 4 309 4561 3 2260 6 8 45 1 16 113 1628 2 18 400
45 2675 5 6406 1018 3 1173 9 201 6 1130 281 2107 2 193 33 158 126 190 332 4 0 586 538 8 1708 199 39 61 400 319
46 179 43 91 8781 18 5 738 0 714 15 3203 1 3 8757 159 3550 4 6089 44 212 74 10 2706 2 924 2447 6 1774 87 2186
47 481 90 26 2 39 100 20 5 1 370 434 546 24 0 11 8 4 240 112 60 9493 135 85 540 2766 1941 5928
48 8351 954 151 786 1886 7 235 19 9461 214 20 18 332 0 3 2009 6 2398 4518 3683 45 37 188 2 1 4 55 99 16 408
49 558 4 5423 2 0 222 509 1 65 58 5413 25 138 11 9439 20 60 3 910 5 1522 562 8
50 385 4019 0 3 163 1 4 4094 376 7 189 6470 5520 123 653 1124 72 222 20 74 2 3121 17 7794 87
51 8 658 0 224 14 15 18 589 170 655 17 2 3478 315 3080 582 20 94 56 3 16 1132 989 100 13 77 3234 26 1 25 5454 3490 3028
52 2 0 24 2993 8 7928 115 3777 1 37 165 3 5 4715 25 17 108 277 4 132 39 357 10 4186 6 87
53 0 4191 783 27 3 324 5 53 4 41 2564 9 1 3500 7 8 56 263 14 93 1544 13 372 26 6 87
54 0 8 1894 934 582 2 57 5534 9 1 41 569 672 3 52 25 24 7 109 34 1824 1298 1609 319
55 4 5100 5 189 14 9609 0 168 2 66 1933 32 1119 886 361 1 1448 951 20 11 1815 589 102 21 52 6 7314
56 96 0 3 4349 13 2 1 5409 49 177 4315 24 359 117 10 640 80 4 15 5 884 2589 40 574 3558 4928 397 400
57 15 210 2 1022 0 64 40 104 1 6 1839 50 1217 43 1852 113 5 2424 23 353 937 124 6152 7524
58 6891 135 31 106 2 19 3 0 18 765 185 12 11 154 26 90 37 252 1 250 1191 4 1877 1130 2687 8 5 295 61 1756 1515
59 820 5 58 2 1 191 0 455 1104 1168 91 284 94 421 4 770 802 32 3 4497 20 112 31 2928 76 87
60 1527 4 1490 5 24 0 522 10 2333 3 26 1607 36 949 2 91 40 43 122 72 93 17 22 33 784 539 312
61 0 44 299 100 164 3 1 65 1053 1988 2 1620 272 14 1065 5 616 244 1169 4 132 263 32 20 62 502
62 10 42 38 22 1599 2494 21 4 1 43 61 5683 25 7 0 1499 2 609 4026 34 152 3 5 2008 318 26 17 33 261 11 83 9084 3482 284 319
63 3 4 7184 2 10 1382 41 6 1194 20 339 57 332 11 1 21 727 0 42 2080 210 87
64 31 1380 7 47 4394 1 5 46 74 0 420 410 92 3530 1133 27 1439 6300 807 42 82 2 674 2479 6 379 3916 1987
65 13 5434 185 2575 1 65 0 23 19 20 4 2 7 491 31 899 203 52 1994 3 1345 10 1432
66 4 5977 5 2 14 0 16 7 17 5739 13 6 842 97 236 2362 22 1 3404 61 5217
67 0 64 550 1239 2613 3 725 14 7426 1731 6 1340 6424 114 153 1252 37 5246 7 1208 20 4 17 112 15
68 125 9983 478 13 0 8 658 2 967 4 169 4565 1 867 4647 2914 80 62 1267 10 576 281 49 14 106 3875 6 7737 3841 518
69 37 101 83 0 136 8 9 127 6 2915 2 20 3 1 1012 449 22 281 249 4 38 7 13 1726 11 31 284
70 17 40 128 0 64 3 267 2 21 13 100 54 1 4 412 16 316 3061 6716 47 2110 38 3033 263
71 1193 133 13 0 9970 12 78 434 830 933 35 1820 1 10 847 173 19 293 34 72 263
72 0 128 563 5 1 17 2 42 23 87 292 7 71 105 1029 8467 10 621 131 45 1754 25 1427
73 192 0 5915 20 5288 28 7998 7 5 1880 3 2309 951 97 1 40 562 1032 32 7169 39 5894 443 783 9 17 397 6 657 3916 87 3482
74 78 14 620 292 693 3 0 128 271 270 68 4049 49 315 8 19 2115 27 5456 332 632 2 1 129 9 39 20 18 5 92 61
75 5 691 13 1 7 6030 15 3 131 48 18 9 58 2095 23 602 0 7640 2990 86 22 63 104 51 6 764 332 6996 9419 9279
76 178 82 2 113 1 17 3587 5912 0 137 386 5 339 1552 5343 284 67 3 637 8 1911 25 125 135 119
77 14 1 41 0 1724 39 55 8507 4 7 2 108 43 134 6 74 9 88 50 5 83 8
78 1 0 1052 16 231 5045 3 285 1895 6605 6 1263 32 303 999 2875 2077 5 2571 15 1537 284 18 45 42 12 57 693 87 9549
79 3 195 6 12 2885 7 0 1180 40 1 337 10 2173 917 4 7059 407 2 13 35 289 31 2560 7320
80 3 11 0 650 13 69 5 5281 1 4 323 105 290 44 215 87 8947 5928 168 194 1524 170 91 18 473 2943 223 7 3841
81 18 2592 2 130 0 1423 275 1 782 3 235 245 1062 16 12 118 13 1583 32 70 871 19 362 25 702 9 23 284
82 14 1576 1323 16 0 5686 4176 1 145 1446 82 8 3 1521 5 7 1016 4 2789 177 103 23 233 244 76 284 1402
83 21 16 801 0 8 10 2 34 3337 3416 11 191 8030 39 7757 186 9983 3046 331 634 84 6 518
84 2667 2 36 103 9 17 1 0 49 177 1925 427 30 769 98 3 1406 21 153 8670
85 0 785 24 28 1422 402 90 6 690 33 3560 998 143 15 8 1 7 2385 755 560 245 2 632 22 405
86 1 543 133 5 21 6192 8 0 36 58 171 2 252 18 571 8486 13 3746 180 19 2906 4 5304 35 2626 9726 87
87 0 128 15 7222 10 219 6476 3 36 146 33 90 567 6 16 68 2 66 328 501 497 42 56 52 1 9 85 502
88 0 144 455 5492 54 3 265 2 329 2081 8 5 654 22 93 1 42 77 1912 59 1572
89 12 50 2 2911 7 71 591 72 8 578 1 0 64 99 92 3 6 85 3213 5631 815 13 8350 87 3250
90 6 206 5322 26 3670 3212 5124 0 7 406 1062 201 2 1 65 944 4114 3 18 207 2194 6111 300 3938
91 0 2487 924 229 165 7 12 476 2442 2 21 1 771 14 157 4 58 107 43 5 3 833 319 581 10 53 921
92 1 3896 3599 462 514 0 34 2067 363 6 306 52 3 7 389 2 5 4 114 2655 6225 31 3088
93 106 4417 578 5909 240 319 0 51 17 78 1013 1 57 181 1862 3150 269 94 844 19 38 2 4274 4937 76
94 1577 3 111 7 2 775 0 158 724 46 3247 35 1923 583 5 133 17 173 2083 1 18 3762 311 754 580 22 1402 4751 2972
95 0 24 286 272 15 4703 2 265 349 2195 536 106 1908 41 191 690 1 327 27 11 3689 102 379 2056 5466 133 3526 319
96 2 0 29 37 721 7 1457 700 6 1852 48 1 14 86 20 670 1674 569 3 12 76 1433 54 4308 161 8 2756 111 1872 51 4631
97 21 414 2675 1 6124 266 73 0 3001 44 2 700 134 6 18 15 171 1584 22 206 14 530 2400 1284 3 1705 509 1323 2013 400
98 1 1053 173 667 643 11 2878 23 0 132 15 30 35 47 13 8 478 49 10 1460 55 71 242 54 6 61 319
99 9 322 793 0 192 64 48 168 21 4894 2 984 185 434 54 1814 832 18 4 229 58 11 677 6 1623 61 1 5104 23 2033 98 46
