100
0 3 1 7196 289 66 1992
1 425 324 3 6488
2 3 1 2164 1407 92 289 523
3 125 4 46 867 4565 0 1 89 4647 1267 2 967 14 576 658 305 1293 106 262 842 19 69 5 81 43 509 20 40 388 3 732 6 729 1150 3531
4 2056 32 16 0 12 1423 6 70 57 727 25 41 21 11 324 452 131 3 20 339 42 1 8 2080 5 210 14 71 4086 66 2 1360 118 558 5466
5 0 56 6101 2027 1341 481 210 2 1 61 440 7 5 301 2563 358 14 16 1219 12 917 4 9 279 8 710 344 11 94 961 6 21 523
6 455 56 1973 8 144 76 12 3 605 2 696 7 4744 188 0 6365 1 1123 70 20 59 49 631 22 787 1088 4 18 820 468 17 191 51 1104 289
7 0 629 131 3 3911 6 53 2 3391 41 9529 9768 1 2008 32 87 15 346 30 7 266 759 1358 11 2878 1856 2563 1265 108 58 507 1588
8 10 3255 155 8 56 12 71 7 105 591 3213 25 1 8225 344 4619 77 13 64 0 8645 23 9019 85 112 815 9 185 759 2911 55 16 19 5515 3 757 84 4 7319 268
9 691 5 13 1 7 15 131 3 48 18 2081 9 58 2095 0 1768 2 63 6996 45 51 375 16 138 50 364 91 181 1214 410 915 289 1407 92 2071
10 3 7184 4 2 74 10 17 81 1382 41 1194 6 7529 20 332 1 0 373 14 1724 55 8507 39 7 43 88 83 49 8 1531 9 26 2434 523 6053
11 55 665 7 571 21 2 0 11 31 609 1568 6 269 5 830 3777 410 282 3795 1 39 3365 9 35 324 3 5309 4 3722 18 2720 3439 28 220 628 4932 43 14 56 717 3531
12 2 98 34 13 3225 11 3416 324 3 43 364 0 16 1519 22 39 9983 72 8 331 91 17 40 1516 949 4 93 53 84 312 5 784 354 6 2977 2327
13 128 271 0 4595 100 35 3 1988 883 2 114 381 272 44 14 563 5 1065 244 2182 1 27 20 21 102 4049 4 32 2303 18 6704 17 42 3846 23
14 246 14 580 6 7704 57 249 306 209 7160 17 12 598 3 13 0 113 3120 116 27 1 1140 2 62 1492 4 288 1035 9 1142 168 311 179 203 108 60
15 523 1025 13 135 6030 7 39 16 3497 274 2 42 0 580 347 28 1189 9 4408 7413 5325 1 5 125 426 298 4 34 782 3 112 48 72 8 11 58 709 18 46 1108 54 507 289
16 28 108 0 8 37 165 39 357 4186 10 3436 7 1802 27 518 13 205 77 2 1473 81 960 17 132 4 52 1 210 146 73 16 1614 706 56 1726 1625
17 15 210 2 1022 0 104 40 880 1 1839 6 114 50 1217 43 113 5 2424 23 514 306 3 7 389 4 2655 462 14 30 1579 12 288 6826 1588 92 507
18 1072 2229 1583 523 278 102 301 1672 1 335 0 640 4513 16 2296 519 73 1269 8897 5 11 471 66 2 34 276 474 33 18 3958 58 35 4 6910 350 92 347 120 2071
19 6406 5 332 3 1 193 9 201 1173 4 538 289 1708 199 103 39 2667 66 2 36 81 17 0 177 49 1925 427 30 769 190 98 562 13 2011 3371 702 92
20 3336 2083 6 724 5 1065 133 112 48 4447 0 311 1 21 36 2 13 571 3746 180 2906 18 4 4878 3283 3940 106 408 39 324 3 38 320 22 602 73 8
21 1 5088 2 696 0 24 13 54 6613 136 8 11 139 126 9 73 29 491 33 161 489 4 17 338 25 89 107 83 348 91 55 7138 3 112 6080 22 45 16 92
22 79 15 432 49 6305 2 37 4 13 1386 61 0 9 1652 6169 648 5 38 31 316 561 1254 5090 158 357 3 17 19 501 6 7957 1964
23 603 21 6891 31 106 2 19 3 0 12 1193 5 4 601 23 252 250 90 803 1877 9819 2019 51 4763 61 3396 1 14 52 5687 2860 98 637
24 134 6 26 2 0 95 7 565 1 250 58 68 4 1247 1119 3 1448 261 8253 708 119 486 46 1815 63 21 201 137 331 16 113 2545 56 593 3625 328
25 4 14 121 2257 185 1 294 45 324 3 67 16 0 55 119 2 476 1866 97 9 30 724 24 23 177 22 5 20 2788 7 817 15 186 187 10 4356 305 289
26 292 7 71 1406 1029 105 10 5246 8467 20 1208 621 45 755 5 1754 0 17 7763 1 66 2 159 4933 4083 752 21 24
27 1208 196 4 1 102 0 7 5167 1978 3 274 2 115 35 1239 99 7196 4136 6929 5 87 328 96 16 8 494 30 33 10 1125 49 27
28 7 1886 324 3 741 19 187 5977 1 9461 13 3410 151 2 214 8351 16 0 20 235 18 332 5739 17 6 7124 10 842 236 290 2362 323 132 523
29 0 9 459 12 20 451 4 87 215 563 69 5 4357 504 7 3615 1 5329 44 47 111 895 1706 1751 217 25 882 55 119 1332 2 1452 4436 67 3 3513 2327 1276 85 18 3247
30 23 1251 1404 4890 15 244 58 4019 2937 0 4902 5199 1466 154 120 10 2 659 212 3437 3995 49 1 4 2523 5201 3832 8184 6 30 131 44 92 28 21 5 11 110 6988 39 8011 9033
31 66 2 130 74 1062 18 20 275 235 245 118 67 3 13 1 19 2507 499 702 11 0 422 78 1717 7596 655 70 16 523 29 58 1995 4 323 38 47 8067 3996 114 507
32 32 2056 1600 853 44 1104 113 89 1635 318 5 7 1866 0 1287 20 116 1 208 36 13 456 2914 10 15 2 8 1204 8376 184 93 507 324
33 675 245 374 9084 8670 5 2008 81 17 261 11 146 3 857 8 293 1 912 153 247 2 56 10 783 0 137 2591 9 111 3375 19 3990 149 423 5244 365 5222
34 125 9983 478 1824 13 0 8 2 1 169 2914 80 62 10 281 49 6 700 324 452 3 34 352 17 88 42 497 5 33 25 159 7
35 463 0 849 1 1051 3 11 5 4 14 1224 2 7 7890 6 1545 97 13 22 9 25 18 2494 609 34 152 3683 49 3370 594 787 954 43
36 180 3 33 1 205 13 571 619 2398 175 47 2585 6 0 69 5 58 19 2 95 1974 32 4 145 16 7590 4012 9 11 228 108 14 7177 430 2461 40 517 373 507 289 6146
37 50 2 1052 0 8 72 578 16 99 389 8350 6605 1895 3 6 1263 1 5631 15 1202 10 19 1537 7 2009 119 4876 51 2398 45 42 303 12 57 3050 92 523
38 8 20 1265 5 165 6 30 724 3 21 6312 361 98 2 833 581 39 90 481 10 1933 1 100 11 0 53 370 12 546 4 18 394 2499 3191 412
39 2 13 5 79 15 601 4568 0 64 6820 1 5141 137 3653 1227 7169 1278 8 3 1026 495 4411 43 102 2210 6299 4 747 2071 3428 6525 2306 11 672 29 523
40 18 289 218 244 52 4 2851 13 77 41 354 1 271 0 5783 5 2 7 4540 11 51 1890 15 3404 33 225 4831 32 5886
41 450 1061 17 330 655 1 135 3115 7 2861 1212 2519 97 410 3897 2058 9163 904 153 9541 66 56 69 3928 14 36 84 4447 0 21 104 9409 87 113 27 11 5439
42 177 74 10 50 505 2 13 229 468 2885 0 1855 123 3503 8 3121 53 222 20 905 1 4 324 3 17 163 1486 54 5 600 1293 1520 3208
43 66 2 2576 10 134 32 0 4 1554 324 3 2490 19 6204 30 2253 1107 7 550 137 9 168 5 14 95 1625 1239 175 1340 114 1 25 45 2977
44 5487 12 98 11 324 3 0 5 237 1 6 23 1508 79 15 433 170 27 4101 117 2 874 118 3478 22 588 13 206 78 1284 511 17 357 4
45 951 289 26 5915 42 5288 28 38 22 21 168 375 562 40 1499 0 783 10 4 1599 1 43 61 5683 7 443 9 2 4026 6 47 33 6295 657 4213 83
46 145 1 14 231 1323 16 5045 3897 82 0 5686 3 10 6210 8 285 13 7 1521 6 32 999 2875 765 5 2077 49 583 33 915 523
47 9470 2 6647 263 12 507 909 39 667 29 1040 0 3 97 174 4 32 7615 6156 527 325 43 8 10 6146 6 23 504 7 119 28 1955 9 290 1988 3934
48 2 5764 58 1194 6 30 86 2817 24 849 0 11 141 19 4 639 104 821 2233 1479 50 552 2010 5 1552 21 3 4894 386 48 8 1911 25 3255
49 0 192 7998 7 20 1880 5 3 2309 97 1 1032 32 5912 7169 39 5894 17 2 6 397 113 146 82 14 15 441 317 4 8051 249 1268 7489 6355 8875 289
50 4 4308 92 1674 360 569 1 54 1433 3896 1588 34 8 2067 111 44 363 0 542 6 113 5 52 3 350 1930 2 19 281 249 81 523
51 16 80 24 0 96 66 2 1 1226 5409 77 13 6843 5 517 2589 3558 397 47 2162 182 292 8 1043 48 21 9 3 68 4 42 55 1912 122 81 92 523 5222
52 2 530 3017 16 1027 296 3332 15 529 4364 5 33 1398 6709 3 10 337 7 4620 0 122 449 17 12 395 7762 36 2324 573 147 4 105 18 1 92
53 91 10 576 66 2 98 6 70 1 0 8 3550 324 3 6089 4 44 62 190 2955 80 9 58 5 7 1576 1446 3599 2789 233 32 926 147 2293 77 5439 1407
54 104 8 764 2549 3114 1 145 5373 2 52 5 135 6030 7 6797 114 178 0 622 12 123 31 9419 137 339 5343 67 637 4 125 8440 1481 10 234 14
55 7105 793 0 794 185 354 984 258 9 322 62 173 8768 54 685 2 525 107 15 10 1814 832 4 18 7754 23 1 2178 809 58 11 324 3
56 590 4 0 4191 15 103 167 61 41 628 2564 8 5 5638 32 20 14 1544 263 7 1016 324 3 177 385 1 35 31 10 5461 2576 5373
57 29 243 3846 87 12 2313 74 0 3117 57 4 2215 11 7 71 1319 327 2351 279 3358 153 5 19 83 846 3 940 7586 95 1 109 92
58 1487 3961 2766 42 19 1 109 510 197 1268 35 41 7986 3 153 0 6077 9 9726 4 501 502 22 7 1467 9438 34 4203 15 4995 11 507
59 37 7618 45 0 20 4 188 1 786 3 408 6 17 832 391 88 24 28 32 499 3847 72 14 326 2 49 1955 4720 3659 99 48 22 155 389 25 640 523
60 15 5454 9 121 1 879 3501 43 5834 97 26 1058 10 20 94 4 2463 56 527 17 3 2889 16 989 6 100 77 13 3234 61 113 25 3432 3080 0 4422 3490 1209 7554 6126 2 5796
61 140 12 917 4 324 195 3 70 6 7 40 1 2173 286 48 407 136 1180 64 0 337 10 4724 264 7059 28 2258 1352 145 3704 66 2 44 178 9990 14 507
62 0 21 1719 274 3643 402 3231 3 2 4055 6 9 671 7664 1 4276 20 372 24 135 353 10 59 257 55 1588 98 77 27 91 3519 300 4646 1042 5 5439 1441
63 924 5 3 8757 43 7774 0 212 847 10 2 2447 6 8389 53 621 806 125 39 1774 407 63 6460 18 5093 1 509 2135 1598 2300 207 206 8385 289 5222
64 0 616 66 2529 2 1053 1 65 667 1169 3 324 299 164 7981 263 4 911 10 1460 801 251 1057 29 8 588 14 12 112 361 289
65 466 65 1 1550 754 4077 72 0 4327 7 2 3 635 47 288 27 5612 942 59 2491 20 1277 5 245 289 26 154 4 7047 315 269 489 580 371 766 119 523
66 0 8 1 1894 934 668 4413 62 8187 582 66 2 57 5534 9 2380 3 41 7 6351 569 305 672 6 4510 52 6425 25 24 109 14
67 12 5754 1905 1 607 33 7 238 1887 2 49 156 4 825 0 36 100 14 7989 18 2571 2892 21 1185 5137 3 211 148 17 27 216 9 6318 1588 2327
68 801 0 2993 8 3337 1601 220 28 41 2648 186 2 7 8030 490 49 19 5941 24 7928 115 1 37 3 13 4715 109 5 25 62 6142 6 7529 8382
69 16 407 8 216 24 133 5 4534 119 2 4 0 34 9185 6 134 2648 58 1 6485 220 97 1993 75 9 32 21 2328 164 42 783
70 0 857 279 4441 18 8223 890 1 3051 19 10 21 9 5014 59 380 113 241 3 33 416 1620 2 4 3229 233 1361 62 24 413 182 5714 6 405
71 6410 201 1 526 4 0 88 27 324 3 81 17 268 203 11 9197 2016 13 598 10 138 26 353 240 3838 39 8 2415 1787 1908 690 83 613 66 2 540 102 85 2191
72 9 17 0 47 689 42 1400 621 91 59 68 451 45 173 309 71 7 12 4561 3 6 1 721 34 507 2670 72 414 215 10 235 470 5 584 31 92
73 1522 21 186 783 10 2 7 191 1252 8 0 3 3046 6 139 11 3233 634 84 30 65 1 1781 5434 13 5 92 507 60 52 4 1401 2613 7426 366 1779 1407
74 3 0 8762 16 767 1 2161 7 62 76 109 2986 4812 6 8993 55 17 44 8 4 18 476 31 9 2 10 349 1800 92
75 350 101 34 1979 324 3 8484 81 71 1837 0 236 4316 24 5 2 15 1968 584 12 47 480 14 1 1615 36 4 20 847 1417 30
76 432 7 161 1 377 3989 0 248 1829 2045 19 11 1666 1034 220 6228 14 86 22 13 2103 448 15 1153 66 2 5 1110 381 4 24 45 49 3 8 1560
77 2211 990 19 35 90 26 2127 55 650 0 6 4 39 146 18 2135 31 195 3 964 85 5885 2022 447 140 12 7762 366 53 33 1381 2 748 615 268 11 1 22 440 92
78 10 783 64 0 4044 1232 324 3 2141 5 53 27 6 8788 9 1 3500 246 12 13 642 56 45 93 35 372 26 19 14 4 2465 2327
79 13 0 9970 12 1337 78 434 35 830 847 10 173 798 19 16 72 3975 1923 242 46 3003 5911 59 133 4 643 328 1251 17 9 3762 324 1992
80 106 5909 578 383 240 0 65 1 1820 17 1013 1862 138 3150 269 293 94 523 844 19 2 5 1193 933 35 34 5413 4 11 562 23 125 9 2876 32 909 324
81 78 509 620 5423 84 3 1 128 0 4651 270 632 2 292 1185 4 68 49 5 507 315 81 17 8 3478 105 222 296 19 23 156 32 2115 332 9 58
82 2 0 1 1053 643 37 23 71 7 11 15 721 1457 49 1852 173 132 523 29 48 30 35 14 8 86 5 670 20 55 3 12 1310
83 8 658 0 21 1241 53 377 55 1 1117 110 224 14 645 15 18 153 2225 7 71 13 2 589 170 655 3478 5 315 3 92 523 1588
84 3776 30 22 3 2 2260 44 303 1542 1430 1 2377 397 6 33 8749 594 8 1628 38 258 9 0 1456 1601 675 5 1703 111 296 9192 4 27 92
85 32 129 1 960 4 66 2 47 158 30 134 6 0 670 310 1301 3 62 42 10 300 15 1857 116 21 7 197 33 543 22 825 250 56 92
86 3 83 1609 243 5 37 85 15 10 1 747 7 9 9361 9320 292 20 0 6862 108 618 469 53 89 24 4 98 47 8434 81
87 10 11 613 7339 2111 7896 0 1 2 165 4751 5659 33 1865 20 22 82 281 12 664 563 195 3 4740 2119 26 407 8 17 4 25 43
88 207 446 5 89 1 2 3523 6200 64 0 28 140 7 376 71 164 59 41 2036 114 9 346 1000 11 139 458 17 173 4 1420 6 151 424 324
89 335 2487 0 1121 229 23 7 12 476 3 2442 924 2 21 56 1 17 127 53 14 771 18 58 22 4 196 24 157 3017 16 19 43 107 2327
90 1298 171 1119 3 1 136 0 31 6777 2633 249 387 188 5818 448 2 35 293 7941 3963 1429 56 6 59 164 354 16 5 6325 10 173 1533 4070
91 9 362 1 782 3 871 2592 116 192 0 23 5 464 364 2195 1040 236 7 96 2248 2 3595 41 1095 2621 147 11 6 153 81 145 103 1126 289 9554
92 5 2571 3 67 27 284 18 0 23 116 6911 25 30 440 355 379 443 46 6 37 2 285 349 83 62 106 226 327 132 7319 3689 11 1 8 9
93 191 1018 6 1130 2675 265 5047 2 281 2107 33 158 126 586 0 8 2898 47 13 286 478 1 54 24 15 4703 89 272 11 1055 2195 843 4979 536 507
94 8 40 5 2807 4 1553 143 50 0 5375 100 228 183 12 1200 21 6269 237 117 289 26 3621 61 3083 693 210 8498 194 138 7 22 1 915 268 324
95 0 80 783 10 1094 324 3 356 434 60 289 26 9493 6644 141 43 8797 5770 8607 15 143 2 3129 7128 197 871 432 3060 1 4847 2120 1103 8 4 328
96 23 41 65 3582 1 104 32 96 829 2132 8949 202 0 72 9790 7626 101 532 906 6 4 21 161 92 28 2 218 205 821 22 27 479 5933 332 75 25 7 17 3208
97 30 0 64 16 65 1 145 17 73 2145 512 10 1060 8 2464 2 89 11 15 111 47 1426 2775 13 77 21 9490 98 4 1351 7826 516 170 2038 742 507 289
98 15 64 0 4 5 77 13 454 2 66 25 36 1 16 7161 22 1852 2521 937 674 11 2397 340 7320 124 8 114 165 1136 3934 289
99 2 4911 58 94 421 4 32 5 324 3 4497 112 648 18 31 157 1172 43 0 92 220 181 256 906 437 1534 193 11 461 6 81 599 89 71 22 47 59 1126 74 23
