500
0 1170 7394 4413 5787 7261 968 1828 9967 5804 9898 5272 86 3523 1702 1896 5299
1 8392 3687 8997 1894 9259 7 6059 7088 8727 3295 6113 224 4481 5720 7998 1320
2 9850 5407 7348 7586 6159 1274 7197 4792 6732 8190 1693 5322 4674 3682 6205 5882
3 1716 9406 6662 5901 3563 1871 3534 4486 3981 8265 1450 7154 8898
4 2386 5462 3819 9646 4072 3557 1533 4051 3790 2283 6018 7253 3385 655 805 6956
5 844 7004 7780 4887 1010 9456 9085 7405 8178 4200 4149 5586 3175 8498 5823
6 7598 1334 7102 2997 9914 8523 3610 8830 2885 1507 4499 4897 6660 5295 1886
7 7483 171 4034 3110 9286 446 2635 2571 9008 6329 8790 5194 8281 6046 1407 3144
8 7911 7151 5493 5613 7375 6492 5237 2031 1958 178 5030 6152 5890
9 4252 6798 3993 7673 1987 1803 6357 6064 2674 7430 2027 4963 1037 4441
10 4610 5782 3085 4605 7517 212 7583 8097 9174 9273 5799 5068 2750 5660 4847 9835 1847
11 3180 3774 9774 1902 4673 1889 284 1552 8644 2867 5996 3948 2876 4299 7876 7435 4403 2932 8481
12 1215 1953 1717 5299 3147 9413 5597 353 9868 4391 5430 7233 7932 121 3770
13 7317 1900 9622 4174 531 7887 8261 854 3914 7412 7001 2800 7262 4385 4745 5799
14 9055 8352 2969 8133 3119 6976 3627 4111 8990 3045 2627 27 4086 7174 8649
15 9203 7067 1855 1019 4662 6443 5240 8346 1209 9782 7244 4144
16 9082 3951 254 6982 6869 8851 7289 124 9133 5717 1886 9257 5757 5454 6113 6182
17 5062 4540 1029 2354 425 3177 6956 2651 2771 3020 5545 177 9327 7930 2351
18 6063 22 9991 2015 4643 4787 8412 2615 5147 4481 1188 4087 8837 5642 6754
19 8496 898 9673 8756 7265 3591 704 9024 471 7094 2178 1728 5720 6798
20 4932 4660 1106 1240 1674 9817 5611 913 6986 8616 1343 8461 9791 7613 6334 5676 8097 5799
21 1350 6719 1326 8830 5780 5350 3564 5975 6545 771 1985 6446 6628 6387 5647 8318 2545 6329 4352
22 8401 6361 9865 1777 7719 8445 2932 1112 5168 3415 6614 6479 2347 4736
23 6503 2184 6745 3460 4107 484 2715 8667 1900 7618 9249 6566 9088 4697 9791
24 9252 6720 5807 29 4125 8803 9092 4099 5519 9667 7326 4281 4722 6177
25 8929 312 4690 1323 5746 4675 916 9338 6035 2150 7575 5638 7872 6666 5030
26 6919 646 5543 5561 7094 9182 4937 6536 6505 9386 9937 9791 5647
27 85 342 8103 3082 3274 8078 8118 3088 7690 2991 1326 1828 2661 1073 6798
28 1970 9327 3641 4855 5333 1820 689 1193 1057 8939 7678
29 6092 607 271 8631 5395 1243 4170 3329 6437 8727 9986 8443 7207 916 7280 822
30 9420 9625 4260 9256 6220 9439 4458 105 8003 4546 7670 5526 3340 1875 2202 2500 2881 7686 5132 6846 7148 822
31 5119 5786 9098 3026 4625 5165 9209 7435 9369 4462 9036 7608 8403 372 827 4768 5747 8668 6255
32 952 6663 418 1737 8364 9695 4909 1776 7356 1540 5082 822
33 1301 7740 7982 472 6560 5499 3908 5481 5881 7912 9991 1560 2563 1357 2344 1870
34 2107 3382 8164 3839 1003 4461 2513 999 5830 932 5319 8775 1773 7564 2432 8261
35 897 9121 5017 5463 1634 1801 1425 3765 5966 4327 8729 4492 6561 7414 5140 2273 8194 7174 6956 5823 5882
36 9469 2992 9017 7894 4714 9091 134 2094 1039 4947 1560 1526 9662 9909
37 8550 6308 660 152 5558 1731 1715 6091 850 7264 8621 6137 1730 8286 4281 8634 1914
38 7018 3653 6881 5368 5575 1869 374 7530 9859 7354 4439 9854 7396 5740 824 2466 2312 7007 3144
39 4067 5712 8820 4968 8458 8992 8196 3091 3412 818 8018 1135 8384 2782 6326 645 6929 8898
40 4248 5515 6560 866 6713 4303 5736 6756 9067 5884 2840 7280 4810 4988 1798 6143
41 631 7915 4592 6311 5090 2901 4515 3096 1734 7613 1576 6783 7657 9415 3550
42 8377 4775 8201 4132 1793 6439 2618 628 4129 1341 9118 333 369 5882
43 5433 2102 7226 5398 3093 132 2478 1046 9836 6818 5942 4262 6332 9974 2279 9471 8898
44 1567 4826 4977 4312 581 9897 8449 4736 8736 1388 4222 9491 239
45 6909 517 8393 1351 8483 6720 7043 4954 2185 3515 4352
46 9939 2902 6147 4307 6746 8328 7252 4083 5404 9821 2573 7984 3961 9998 515
47 6790 2492 388 7146 408 4505 2409 4080 6527 7256 2869 3638 578 9432 7242 7686 8261
48 5200 3735 1389 5048 6979 9035 6813 5737 7300 1478 3303 3105 7007 6795
49 3495 7611 696 1227 5940 274 5104 597 4905 5322 5083 1815 9538 4674 5748
50 979 3425 5083 4247 6801 7729 243 2042 6575 5490 1312 6048 8592 6795
51 5300 4336 6682 1600 2883 1834 4580 5993 9631 2478 2128 4027
52 2611 7377 7823 8146 8302 6278 3009 7795 4371 2503 2272
53 332 8773 6899 7956 6474 2057 6329 8266 803 6732 199 9872 8535 2142 8924 4441 822
54 8767 9654 4589 1433 3906 9374 1652 7106 1795 6454 9883 9236 5743 9854 8729 3792
55 3787 5457 5138 640 2414 6172 4187 8684 3070 187 2802 3108 226 8649 1025
56 5455 7985 574 8954 5862 2808 632 1556 4133 7084 3496 5728 9590 1947 8769 5816 6574 5882 6754
57 2325 7911 85 5578 3954 6153 6076 5652 6474 736 6026 9507 5740 6999 2684 7641
58 4581 8613 2525 7426 7687 7721 846 6384 192 5377 9705 1127 6773 5030
59 1560 3043 1747 6060 7122 4484 1152 5111 672 5559 7778 2002 9196 8942 6798 2349 8898
60 447 7163 4907 2325 9927 6253 6526 6672 9612 356 3766 9466 7744 7686
61 8694 3932 5349 2097 6962 7115 5336 3851 1977 9085 3664 2105 9123
62 4080 1402 4631 9040 9678 7537 4198 5669 8773 469 903 1718 5141 1490
63 4190 1390 5699 2952 8680 6833 1646 8298 6053 5133 578 191 8251 6741 2943 1731 6795 515
64 172 3746 7368 5581 6061 2754 7432 7090 1454 277 5769 6266 333 3286 6808 8898 3015 5799 8830
65 3657 4199 8471 8594 3852 4555 3921 1780 9154 5982 6798 995
66 7628 3608 7720 7088 8697 146 9557 6322 9071 5930 99 6272 4063 2378 1407
67 1916 9325 5143 9592 8781 4003 245 3960 4419 9240 1181 360 7710 8097
68 5265 7527 5085 2283 4380 3552 7219 6557 6202 1636 9634 7200 4038 7935 6152 6754
69 6103 437 3744 540 7386 1984 5028 9358 1945 3474 3546 136 7212 5191 4745
70 9615 2776 5724 3899 2863 1325 2781 2958 5846 2627 1715 1452 3784 1830 6366
71 4457 2966 6875 7839 6690 4738 4612 3832 2501 8801 4851 4370
72 720 4290 3644 2063 1326 801 2754 3043 4460 2167 5082 3815 8069 7575 4407 504 9471
73 5596 4352 7355 5196 6090 4050 4972 5763 5682 9242 8047
74 2758 5280 956 6535 7635 9458 1716 4792 8211 5092 6202 4345 175 6337 4832 6798
75 6092 6120 6253 5305 7521 8995 1648 7985 4705 872 9343 3015
76 2944 5972 9517 8630 8654 1559 6211 3986 2685 6950 3790 5502 2025 8167 768 3041
77 3576 9488 4281 1451 8351 8801 2108 8230 924 3531 6208 3958 5082
78 2511 184 5345 1210 3971 5496 6313 689 6193 1029 8038 7099 4403 5647
79 3576 9455 6106 5716 4905 6438 3471 2268 2726 8968 8667 7458 2969
80 4684 297 2449 967 7723 7556 1985 4634 419 4672 6489 5882
81 9133 9266 246 6964 7813 440 4880 4529 2287 5772 4102 3855 5075 7267 6407 342 1849
82 5124 5593 2764 7796 4811 1703 4555 534 1549 9973 3465 8959 1933 7915
83 2034 9094 914 9533 4234 8626 8269 7993 6774 6681 4735 4763 6956
84 551 2973 2210 2983 7065 9643 1281 4557 7513 5425 9650 5615 6206 3656 5512 866 6366
85 5585 5911 7178 3257 2 6869 822 9931 9539 2192 9041 1483
86 4227 9311 3100 2287 8015 6796 548 4212 6483 7653 865 9174 9863 4850 6255
87 1905 6671 6029 205 3724 4214 2126 5211 5636 6320 3677 5356 9243 970 5481
88 8814 3962 5070 250 8155 7363 5394 6317 9037 3122 2553 353 4736 7641
89 8467 9400 2358 9160 4960 9055 3194 3316 7720 3510 4914 7917 7007 2915
90 3083 4496 964 3823 8899 1241 6196 5848 995 9123 3509 3183 9184 4902 754 6607 7968
91 8336 1742 2063 9564 4014 3993 5495 7464 3648 8759 2931 1781 493 577 8848 864 9791
92 3989 8679 431 6495 3164 9893 1010 2212 9092 7178 4528 2385 7765 8748 7968 7368 879
93 1631 2900 4582 5647 8646 9401 8947 3561 6571 4727 9680 806 2214
94 8620 8371 6388 8854 2826 5967 129 5466 5174 9673 3395 7068 1617 7475 6918
95 8512 1380 3419 7814 8805 4804 8515 9794 5741 4237 9251
96 5541 1883 9096 5635 2230 6374 3314 1573 5519 1255 2025 4761 6557 7941 3973 8097
97 7557 8601 1264 8517 3792 4233 3470 5619 5440 8035 2197
98 3120 1446 8156 9307 5673 2998 3824 4160 3092 2063 8124 4372
99 4020 9253 9512 7978 5853 4681 3774 3766 9600 8166 959 7777 3092 8189 2932
100 1640 7543 582 8494 4414 8529 9966 4256 9907 7545 3017 1879 7226 8433 7308 2932 5974 5828
101 7856 5274 8764 9569 7065 3669 2978 1039 8025 6766 6377 3144 6365
102 738 3590 3782 1973 9350 7647 7405 8464 8940 3039 3237 8481 822
103 303 722 2934 9311 6773 8884 4553 8324 5778 9886 7187 8649
104 1831 4095 1634 832 6177 4754 4705 3533 7453 1061 1266 5599 4745 3015 7918 5799 5882
105 4289 9047 1859 451 8451 5332 5459 7066 1625 8282 7278 4317 4969 8261
106 1963 7932 8429 5442 4168 7888 6456 7550 1776 4860 2701 3354 6897 6407 1849
107 6644 6331 1627 8879 8992 687 5797 5163 7505 5864 551 3770 4352
108 6565 2270 2164 1287 1820 1428 6845 8426 2975 8279 6133 1146 7500 3819 9514 4352
109 5874 6292 9700 2641 3772 1461 8625 6780 2225 743 2522 9662 4969
110 5102 4163 9255 5046 3495 361 1856 314 6599 6150 4074 1457 5186
111 7616 9782 6993 5509 2186 632 1269 333 8472 8077 9043 5832 1191 9287 6474 6220 6792 7994 1849
112 2154 3311 6065 6627 5312 6798 9397 1667 6863 247 771 2744
113 1301 8689 6951 2329 6454 3032 7486 2774 7038 1376 1903 6098 5882
114 1716 142 1026 1884 4197 1330 6622 4929 857 903 9947 3309 4388 6484 1698 7535 3362 7984 1241 7735 3795
115 6571 9205 2726 8097 9244 6754 2727 7913 4668 6274 5676 8145 2954 4868 7643 3092 5030 1241
116 2264 3371 8061 9802 3144 9376 6676 2928 8642 9772 1791 9953 8097
117 6809 8687 9073 136 8779 5 823 46 5218 9030 2218 1896 3041 8898
118 1299 7367 8323 4934 9282 1369 183 5339 9885 9883 1662 8954
119 5664 6234 8426 1057 9791 7652 1283 8074 9046 2002 9884 6434 7988 2946 5381 5882
120 4798 9087 2616 4136 9830 9436 6818 4144 7831 4024 8837 4425 9928 8509 9706 8412 247 3199 822
121 2512 5500 3083 6602 8373 1118 2576 5194 9035 7543 3849 5235 7164 679
122 2588 3027 1950 276 457 9667 8037 9855 33 7618 1849
123 5576 4733 27 8114 2693 6876 6906 1762 5667 6017 5267 916 4269 9501 7710 3930 5330 5748 369
124 4203 5967 6923 1299 7890 5566 6712 9980 3926 6133 4342 7825 768 7007 7000
125 6153 3995 24 3957 626 1210 7139 2868 1445 8538 4245 9152 5863 3675 3226 9833 7828 6366 4544
126 6211 5343 7625 5919 795 7813 9575 6320 273 9332 4441 6795
127 8737 9082 3520 6315 8331 8400 7603 4863 5815 9567 5595 3532 3147 8311 2453 6792
128 3019 7748 2046 9220 3981 1200 2840 5462 9054 2648 8150 6819 8830
129 1129 9819 7462 268 1737 9062 9643 1228 8640 979 2806 3015
130 7792 6923 6844 9281 352 8252 837 4113 8282 2584 2075 4111 9106 1849 6754
131 3234 5768 2840 3667 1100 8746 5386 946 9389 7319 822
132 6858 8093 229 780 6542 5784 9637 2922 6002 2649 6267 9544 3792
133 472 5112 4888 8759 7008 2350 7193 2455 9392 4571 2432 8097 8116 8092 8349 916 430 1241
134 1682 4763 9100 3378 8646 9799 9297 4747 4084 1954 3871 8048 6959 9007 2094
135 947 3202 4861 2500 3320 7532 502 8329 9169 5145 31 2385 7897 8649
136 2098 7302 4798 3297 9150 2735 8785 6793 6321 2202 9834 3717 2631 5882
137 3712 4563 4806 8874 6754 6612 7317 1771 5894 429 4853 5647 9753 3144
138 8850 6754 6272 3313 7437 7987 1149 4355 4148 4403 5517 3397 4070 9740 6094 3242 4544
139 3798 3292 4999 1497 5282 405 2679 2424 609 7765 9588 456 1086 1828 3819 9791 6574
140 3651 8164 9391 9809 7841 2148 4199 449 3841 8363 5485 4736 1191 1241
141 5232 9975 5799 7225 6915 9532 545 2601 637 4284 3199 6560 1849
142 6290 9286 50 2254 7242 7910 9643 5308 6232 1433 3892 4779 607 5336 3839 4784 4814 1914
143 5013 1538 8830 7795 4685 1119 7986 503 3066 7684 8752 8252 6719 6260 9836 7435
144 7823 7626 5647 6716 477 3549 8187 9597 3296 3580 1475 2963 3144
145 7264 7891 3587 6437 6059 8808 1986 4171 5141 3958 1886 6754 8898
146 9895 2627 2758 2840 1779 7926 8730 4504 9369 6090 8732 9649 6837
147 2974 6283 7547 7742 3236 2204 3479 5088 5680 530 3288 5042 5647 7097 1847
148 4802 5870 9251 7548 3564 6980 3201 9158 4660 5792 628 4511 8525 9123 2726 5676
149 5112 434 6079 198 2150 6739 4678 9723 477 4064 6795 7280 7406 2684 1320 2932
150 8828 7601 7532 2761 8684 1014 8599 1069 9445 8908 5154 4403 7998
151 5682 7981 5145 2040 2836 4744 3059 4313 3187 2312 1927 2932 5799
152 9849 4388 8419 3744 4310 3742 6674 2713 1537 573
153 3750 554 8519 7546 7490 5178 8183 6162 767 8864 9310 8830 6833
154 9859 8108 4482 1669 6771 2747 3652 178 2734 3414 9967 1179 3717 9544 4144 9791
155 2387 6798 8894 9123 5678 2738 5829 1785 7541 6743 1069 8764 2201 1305 2008 2717 8837
156 1090 2723 4105 9325 5819 1698 1171 5172 364 1251 8200 3816 9305 2521 1279 6700 8418 4441
157 3195 705 5449 9402 8087 3719 9329 7080 7543 4686 8830 598 1017 5524 5285 6754
158 8878 6459 7326 1206 3482 6323 7279 3187 8258 4262 7701 806 3965 7148
159 4086 4917 4292 3551 1306 1655 568 8727 6788 5981 7016 2039 6767 537 7935 2571 8898
160 3604 9597 3453 3658 3097 1085 8020 3114 4103 883 9980 6574
161 5066 1789 2504 1825 8920 8728 7632 9739 5490 6940 8317 4119 3310 1603 6687 264 3818 7435 6365 8097
162 9467 4159 4054 7875 1731 2042 7166 9105 5549 7937 7277 7917 9836
163 8847 7589 3177 6360 9854 549 6235 2861 8097 2070 7163 8813 9278 2920 5962 7865 8893 9863
164 4501 9256 5658 4324 4387 5132 494 5129 213 5270 1838 4285 2961 1191
165 6341 1273 9175 4506 6679 3430 9304 3665 4115 8169 3272 154 9053 3041
166 9074 6865 6933 5892 4887 6436 1095 757 5805 3422 379 1267 6157
167 1286 4281 6402 9851 5691 6381 9816 589 7926 3375 7733 1575 8395 9388 2118 8097
168 633 4496 6914 5773 3717 8773 284 9857 7903 1209 5240 1849 6058 3885 5798 5948 5234
169 7288 4862 1682 4054 8407 309 4748 8990 3938 8715 6578 3632 3397 8898
170 9377 303 9693 4622 6105 6726 1114 1838 276 6328 1636 3144 7686
171 938 3637 4368 3139 4156 1528 2406 9161 4203 2493 5141 3397 7994
172 6223 1990 7245 1173 8282 2262 7697 120 5665 9855 2017 8645 9062 9940 5882 6795
173 8393 8545 9956 280 2515 6798 6838 3375 7305 4267 6548 3182 5720 3885 4419 3161 6976 1320
174 9434 4270 8490 4687 3000 7532 8481 1376 1152 877 5046 4887 6321 822 7828 5647 1849 1241
175 1816 6116 4196 2662 9651 2977 5541 4311 9106 8395 2367 516 4647 1794 5297 9386 6840
176 7084 1783 6000 2382 2190 2303 9925 2353 2523 4399 9812 7443 234 7435
177 5837 6519 9838 4691 8197 6015 348 7096 9840 903 829 8628 5785 6479 6686 9251
178 3976 3238 7414 6872 5031 901 3131 792 8188 477 7078 6240 4177 1072 1882
179 591 8578 5930 1681 2391 2726 8758 9438 5122 1980 8566 2932 8142 2272 1241
180 3753 1143 67 991 8557 5328 6244 1096 5570 6795 8649
181 3694 7539 7587 3729 4323 1601 2426 4568 3270 1955 5626 3718 5531 3614 8692 5030 8261
182 3337 4055 1958 9265 2762 7364 5890 1657 1913 8160 9831 7174
183 6059 7868 927 9818 1582 2611 5568 3884 9564 1771 4623 61 5882
184 5279 9977 9038 500 285 4923 5588 9106 9307 4021 5420 9053 100 5882 7897
185 9516 6416 9676 3223 1312 3852 9381 8019 5262 9079 3447 2525
186 6908 8068 4839 7081 8330 2643 8014 2139 3833 6576 7843 7831 9473 1825 1955 5799
187 7548 7041 9991 6433 6362 6293 8508 4814 8727 8248 4854 8418 2032 2932 8977 6616 2820 4403 5299
188 7296 6683 5017 5696 2556 968 2663 8322 529 5061 6377 4162
189 9456 6403 5806 9675 2794 3341 8999 6622 173 8193 6851 7260 8739 4544
190 1344 8079 8239 5548 504 9733 5329 3931 7613 3985 7650 4414 5132 6410 2932
191 1619 5827 3461 7214 8219 6605 1671 4948 1586 8097 8957 4818 7619 8952 7613 9332 8189 1320
192 4414 6303 9219 5310 7619 816 7715 4196 2590 4601 3263 3982 7968 7077 5890 7368 6574 8830
193 2220 468 2452 388 4447 3212 3474 5305 1844 3708 8952 2932
194 768 246 1433 4286 507 957 5870 5828 2053 4518 761 6520 3709 3225 6107 592 9531 9471 8830 5676 7915
195 1668 6593 4922 6671 2458 6353 805 8687 9161 5710 4384 5987
196 1173 1494 6813 2812 8687 1020 5626 5650 7613 5676 86 9929 2316 4452 2954 776 2689 9227 6905 8830
197 3991 5377 7362 126 2301 2550 7302 3435 4658 1421 5970 7215 9544 2197 8666 4385 1849
198 6892 4581 7644 4340 5897 3785 804 4157 3539 3074 2418 9160 6500 9080 3208 592 5720
199 6515 1362 3542 5755 6610 912 784 807 5676 6624 5909 733 7433 3887 2779 5082 2094 8898
200 3333 8529 6643 2320 3036 6956 2644 4880 2974 1014 1882 2989 5724 2693 9528
201 397 811 2888 5970 5758 4892 1306 1033 916 434 6693 5960 3906 273 4352 3211 7460
202 7628 3484 7403 7514 9265 2357 3345 6698 2195 8326 9549 6543 6182
203 8107 2887 5698 6519 8192 6754 6682 8427 7974 7865 950 844 6621 8729
204 3608 9705 2087 1733 6430 5038 3009 5269 1132 7702 6980 725 646 2299 6157 5799 1849
205 7948 1 442 4505 9695 8742 2774 2766 7805 6453 3538 155
206 2935 3086 2648 6227 9632 3689 9825 8850 2671 6586 7790 244 7414 8563 6228 822 3144
207 6465 9606 5675 8046 3809 4302 2277 4932 9410 1960 3029 6795
208 6248 3142 3899 1284 8785 8159 2039 6278 598 1245 642 2818 3728 6485 8187 6334 2453
209 9734 9004 1584 2246 9621 2249 5845 7110 5512 9886 1555 2637 8161
210 198 2533 3834 8743 8465 5549 6266 4878 8229 899 9893 515
211 9276 7710 4626 792 2369 7993 6196 7345 9708 822
212 7555 5547 2527 3041 5235 8614 2667 4031 7792 8230 6572 9123 7998
213 5713 9075 4220 5085 919 7622 5643 7861 1038 7102 2095
214 9341 3040 8368 1357 3161 9546 5983 4560 9757 898 4061 2380 1642 9970 3795 9544 7007
215 9476 5645 8328 3455 6514 3643 2959 7318 9012 8261 6795 7670 6798
216 2434 2631 8743 4904 3470 6203 3281 6128 9822 6896 3738 8337
217 3786 2726 9551 2467 2178 1325 5995 2177 4986 445 5162 6278 3761 4884 9328 2394 8950
218 6136 2347 4212 4403 6415 9512 8992 9883 4533 5360 6430 4156 9789 5621 700 3792 5647
219 2719 3852 7148 4245 8865 7556 2559 7836 7662 5671 6370 104 4467 1463 6152 9332
220 4513 9549 6442 454 4304 6463 1733 3613 3873 8981 7594 2571 2525 7998 4441
221 973 8113 603 6757 7943 4059 969 2807 4414 1241 4315 9220 9557 7262 4543
222 7862 4471 407 826 5677 9845 7432 2462 6960 1560
223 4176 8101 9320 5182 3202 4044 4671 2044 8596 6024 8039 5647
224 3591 8008 9498 516 1218 9705 1188 2961 4830 7584 1751 6795 5788 9980
225 5868 9018 8769 7291 9413 5611 8964 9625 939 2341 9718
226 49 2767 977 6045 2870 7218 5824 2793 4142 8336 8167 3819 5799
227 2109 723 9650 7984 5799 4067 8704 5246 7058 9768 1836 9334 2584 5234 8161 5676
228 3398 2044 8765 460 5631 9853 246 3704 3945 6484 4086 9255 6104 116 7831
229 4220 8798 8909 9174 3327 2015 3983 2207 120 7281 2397 926 805
230 2728 5760 8090 8901 6540 7389 4992 1725 7242 9546
231 7500 6633 4236 7960 6321 8201 254 248 2225 4587 294 2138 3010 5356 1183 1340 1849
232 819 3712 5250 78 428 749 9041 2006 5181 6438 7821 6467 9998 1826 2128 8856 1849 1886
233 5226 5408 2520 6682 5726 2144 7435 4008 543 8153 7421 9751 5353 5234 6929 1483
234 7089 3049 2295 4006 5331 5085 9689 4548 7164 1906 6927 1413 2806 7807 6798 7994
235 9256 5005 6440 7765 5347 5259 9316 6195 3874 5411 4314 549 8728 7435
236 520 1461 7319 5633 6199 7639 6539 7025 4217 7537 4606 230 3888 2094 239
237 4573 7832 1019 7848 3296 1067 5894 3364 8190 5491 7890 7368 278 6574 7875 2732 8071 2171 1337
238 8581 8716 9528 332 2303 8431 1372 9846 8058 6023 6043 8476 9531
239 8398 6995 4042 5437 552 728 7018 2818 6772 9792 8359 6716 4736 2751 7935 3041
240 6292 9173 1454 7298 7928 4836 5330 2521 7871 4 7750
241 8302 1696 3421 1149 5606 6650 1492 3874 6243 4766 7187
242 2968 5277 6955 2640 9374 8341 7751 4375 5603 9023 6772 2094 7794 7677
243 3070 1620 7836 5347 5918 6124 2598 5702 8381 514 12 7537 9414 372
244 1030 3620 935 8577 7024 3707 4653 678 504 287 7070 8189 9980
245 1652 9782 727 6695 1936 9642 7697 8884 1579 3676 605 5882
246 7674 6723 2788 7816 8953 7547 4934 1136 4097 5816 6131 6780
247 1043 9339 9192 4831 3393 173 7137 9656 431 6984 7859 2420 9416 4664 8830 4736
248 4582 9791 5800 1031 1769 4492 1356 9516 2759 7016 7397 9767 4147 6799 8412 5882 8432 6574
249 4581 3337 1890 4148 379 3942 7146 24 774 5286 3819 333 5799 822
250 4216 1352 4356 1344 8277 5799 9411 6668 5874 8732 5891 7368
251 7165 8097 5339 4178 233 6767 2730 7997 1729 3938 9651 8052 5194 8063 448 1153 9086 6334 45 7686
252 9557 1110 895 2780 8366 8868 9046 4008 9866 3191 599 5747 5890 7994
253 4762 5332 9810 518 5454 2522 6481 3039 9044 7840 4770 3442 5278 6885 8898 5799
254 5024 767 9056 7016 9135 1923 3298 1360 774 8691 6315 7935
255 9220 48 9030 8315 4781 8273 7221 996 9036 289
256 9393 3506 318 591 7235 5444 9443 2369 6324 4935 763
257 7022 7897 2806 1807 7521 2150 7728 7412 4810 162 3141 2404 2371 3247 6718 5030 8097
258 3228 1734 466 2413 5313 7562 4295 4817 3651 6842
259 6337 4514 7333 5691 5088 6737 3436 7191 6379 2760 8125 4140 6574
260 6516 3441 1608 9338 9256 8351 2975 6505 1406 4232 4209 3675 7148 6798 8097
261 7767 6128 5320 7224 4075 4227 9327 2633 2584 5577 5036 5340 6976 6798 1241
262 2574 34 425 4441 2010 6225 6970 464 4064 5799 2318 7029 6220 6364 4223 9531
263 7383 6904 5676 7908 14 8097 7647 3104 889 3678 8367 6602 5786 3015 9684 5456 9743
264 4104 1459 4093 1758 5504 822 1553 2273 7393 8739 1996 9197 2649 1730 545 9713 5517 3134 5626 1914
265 2476 4821 6639 4969 8007 4 7559 1749 54 7628 2789 7090 1492 5882 1560 5676 3041
266 1761 3156 1574 8561 5724 2138 7963 4772 349 5382 5540 3831 5392 7174 4544 4352
267 4983 4943 519 7723 293 7108 7578 3753 2845 362 8198 6881 1707 7428 6792
268 1417 9736 9166 3946 7994 316 4447 9459 9478 3672 5948 1545 2476 100
269 5653 9074 2411 8603 4462 3809 4484 3494 2724 1069 3455 9154 7935 1241 1914
270 2632 8647 6716 9848 596 9760 4164 3864 2777 8144 1347 7368 8097
271 8708 2023 5250 977 9324 9180 992 2019 794 2018 5061 8739
272 6496 3580 7245 3593 5665 1321 5545 7467 1471 687 9798 369 9762 8898
273 655 2856 990 219 4974 5694 4704 8928 2901 6768 3276 8684 4352 9010 8097
274 2276 312 9596 380 8724 7784 3105 8526 1695 4133 6217 5987 4969 96 6754
275 3913 8827 4157 8067 6673 7644 6130 4227 719 6730 787 2285 9849 4544 2717 369 1241 5799
276 4122 7892 5676 6227 7547 7928 3728 550 5722 1661 7154 3835 9166 2044 1886
277 6564 9435 2571 660 2748 9135 912 89 6706 7993 9876 6686 55 6255 6754
278 5224 425 3276 7443 2641 8359 8469 6952 9996 8348 2382 2214 4475 864 7930 414 9753 6798 1241
279 2021 9460 6921 8687 1360 7263 1673 5923 326 4068 645 6840 1914 5747 8830
280 6285 3177 9120 7923 2875 8900 612 8688 4038 6242 2145 1253 4397 7300 230 9136
281 9699 1933 3782 4279 445 7116 8372 6887 237 4732 3092 5030
282 6105 5045 7224 3070 7387 2173 286 8261 3121 6836 4785 8554 599 5748 1955 2932
283 1722 8086 5028 2149 9529 8485 5330 1385 5560 9050 3695 2004 2631 6798
284 9790 5515 647 3819 4189 7554 1953 1321 9110 4377 2657 7853 6406 8932 3390 3015 8481 8097
285 7221 2081 5860 4237 1704 7386 40 4156 3896 7569 1325 5517 5735 5030
286 8951 5964 5969 1040 2025 7728 2118 4430 385 186 4869 834 4381 768 3237 3676 9361 9251 1241 9791
287 8946 3579 9182 4131 3673 9839 4679 490 4792 8859 9444 1593 6315 8311 7187 8898 2932 822 5799
288 3964 7144 1839 6585 5549 3413 234 4742 1805 8765 6610 167
289 328 5299 9181 5519 4507 507 5281 9038 6377 273 1995 5768 437 6581 7048 8975 4126 7097
290 401 5676 1634 156 4175 6134 3468 2192 2357 1384 540 7236 6610 4904
291 9954 8830 2560 154 6131 1980 4056 3563 9315 4570 3475
292 4645 3014 4339 7994 5064 1155 6271 7665 7743 6614 7545 8622 8091 751 5690 6648 7998
293 7675 9683 1212 2018 5882 8161 1754 3334 5643 1073 6857 4693 8028 8261 3397
294 9597 7971 696 7494 4249 6638 5743 6721 7942 1786 5216 6066 8830
295 1372 5094 4203 5287 9333 5357 2494 6372 5430 8261 6754
296 311 2945 3138 5952 1857 483 8174 8004 6748 7071 3129 9258 8649
297 1084 6754 7659 8208 112 2888 5785 1687 1479 2889 1456 828 8379 5753
298 7996 6337 3062 1223 2173 7815 1920 3426 9759 560 5606 3942 1385 2499 8964 7157 1535 1457 7686 6754
299 9686 3356 1171 6383 1335 4333 9241 9750 3024 1538 664 8261
300 9984 1089 1422 6554 5276 144 1725 7999 867 7577 6019 1944 8659 2058 1340 1241
301 2102 4174 1082 8286 7914 3447 1986 4878 9252 3639 3060 1405 3929 8488 4863 634 9531 3000 5030
302 2944 1796 5438 2949 6973 9912 3568 2589 2125 8862 7333 4263 9332 5676
303 4937 7332 967 8394 435 3224 9093 890 3587 5957 9758 1269
304 2432 879 7900 8878 2687 8791 708 4675 3778 5371 5049 5542 1407
305 7097 1556 4036 990 493 3993 7511 7434 9117 9142 1351 1873 5441 3830 3567 8151
306 4864 1237 6687 3841 9422 5743 5417 1930 6648 8155 3638 6499 9815
307 6497 9302 6649 1852 1133 1016 3085 3417 6885 4253 8318 2202 3092
308 1512 6569 648 7387 7436 7731 7838 7218 4171 3490 6058 3412 6891
309 1249 6318 2827 1128 8925 7758 8682 1676 6464 9287 9371 2273
310 1645 3026 7224 8105 6847 7755 9574 7470 1803 97 8523 679 7686
311 4030 360 9545 9375 1496 3511 5372 378 3077 7220 3179 7114 7174
312 67 3890 9436 8607 2442 7670 4715 173 3055 1240 2466 9203 6936 2625 8047 768 679 3092 4281 8898
313 744 1963 5629 4031 2732 8491 7368 2569 8738 5697 6789 1549 3144
314 9675 2120 6356 3370 7319 4813 1601 4815 7940 4012 7575 7351 5030 1632 3832 2827 5330 299 6666
315 1638 6327 2552 914 581 3311 6718 904 5342 4434 605 773 5962 8116 9123 4144 1886
316 864 3342 768 723 5670 8814 9392 1724 5624 5890 4540 3794 2376 5647 1702
317 9402 3832 5019 7107 7904 964 6333 515 6625 1509 7708 9383 202 4391 7415 3753 3871 4027
318 1669 2774 3905 4551 2029 6264 8607 5544 7891 4722 6339 822 3813 3192 5654 7036 8649 5384
319 8623 1678 4424 2638 7192 3353 4955 8717 4693 3737 4387 8523 9791
320 8874 5511 2726 2062 5792 8225 767 1213 3627 1590 1676 8465 9791
321 1374 1683 7987 3509 8535 7579 6227 1863 8015 4950 7411 7174 4403 7897 4736
322 2354 1937 2694 6174 9163 956 4274 8235 5480 7725 5557 7948 4383 785 5972 9592
323 3275 7219 3589 5299 61 1383 567 3726 2798 6518 3389 9465 9260 763 1560
324 4952 7886 5595 2305 972 212 7929 9968 1938 5772 6767 3242 4352
325 6032 6691 3346 3424 1207 5789 8046 3367 5144 1313 10 3211 6365 247 9940 1540 7296 2378 822
326 7944 4667 5000 5327 4429 1056 7292 3324 9741 8015 2795 6327 7853 9123
327 840 8361 3134 3310 5708 536 780 5209 8917 353 2614 2656 167 515 5030
328 5621 8123 6564 9504 9158 336 2304 2063 2152 3887 1479 7879 3973
329 8499 1826 510 286 6104 546 3806 6759 7234 6223 2511 9487 3368 9593 1702 5647
330 8949 4404 4805 758 5399 1391 6510 788 9493 6590 3682 1886
331 7941 4066 9335 7825 7813 4498 4843 9514 4919 4577 4081 6608 6228
332 2951 3801 9220 8005 8156 1535 6581 2867 4675 2997 1196 5396 9656 7740 7174 4544
333 1786 7698 1658 6626 9771 7560 6018 3279 3720 3537 4151 5103 2311 7460 8261
334 8077 2982 1320 3552 5480 4783 8099 1913 2901 80 52 9529 6209 6175 1337 4178
335 4325 8168 4348 3495 7376 673 8175 8829 1906 1320 7949 5846 7396 3199 455
336 2372 1756 7310 2867 5027 4567 5826 3193 8482 7238 4379 3551 247 96
337 3572 6608 8809 7356 7427 4660 3513 1473 9380 2663 1320
338 6400 4251 4243 6291 268 5270 6169 3205 708 6162 7212
339 7273 6197 6574 5427 754 2810 8028 4209 9552 4430 5389 9528 4247 2190 2975
340 231 6897 7663 9543 7205 7397 3691 594 3067 947 2326 4381 5647 9791
341 1009 446 9433 4570 317 1584 7406 6792 1324 4352 8057 7222 3771
342 3742 3845 7752 5473 795 2987 7063 6083 291 1727 857 5829 1116 8380 8261
343 6847 9000 3932 8253 5167 3218 6997 28 5768 7363 7765
344 2519 2439 3662 7366 7556 3075 885 1103 6238 22 6574
345 646 9679 283 1919 4294 6764 5805 2391 5438 311 3382
346 781 3959 1099 8608 788 2529 1963 9712 3823 5799 9332 6754
347 6107 1548 8780 6698 7686 5276 751 7060 1255 6088 7840 9833 6754 3286 8097
348 59 591 6124 5248 106 2955 4383 6104 8590 6592 2033 6388 3144 3252 5005 8985 6610
349 8350 2723 2398 3327 6098 9726 9023 4244 5749 7226 3946 6114 2645 1947 7897
350 9616 1914 5054 7038 4126 1847 9910 47 6946 3021 2814 6596 1663 4144 4544 5799
351 9230 8378 1469 2816 2013 7734 141 4563 654 2726 2574 3392
352 2092 1584 5242 501 1880 4802 7212 8189 5547 4968 2095
353 9413 7354 5433 6007 2477 7648 857 6745 6486 9472 4728 333 6798 7686
354 8066 2332 1320 3231 4459 7859 1373 7106 6183 6161 8186
355 1313 5561 6857 1010 1629 1741 2831 6824 2476 6501 8812 6903 9857 9815 3819 7686
356 8872 4607 4714 3617 2627 7923 5999 8653 2453 1032 3265 1277 1883 7172 8523 7174 6795
357 3038 9295 9075 1090 9400 913 2030 6592 9685 4874 6932 6108 7859 1606 4664 7641
358 4725 6307 4743 2483 8667 8616 3243 4873 8985 2747 5799 1523 7618 9506 8097
359 4092 1269 3695 2795 3404 5998 6456 4319 7078 2388 1866 3602 3412
360 2562 1726 5164 6687 8466 241 8757 990 8558 771 8585 4860 1483 8261
361 5786 6494 5193 4129 7582 2367 8403 8375 9679
362 578 6285 1522 4366 358 5785 5972 4941 3427 9896 5123 5463 4966 5030 1642 3015
363 9824 7617 5154 292 5118 5616 8910 9060 703 9444 8484 2584 2437 5381
364 2359 6322 4146 935 2845 2852 4763 67 1448 6981 1882 5799
365 8396 5818 8817 1372 720 5327 7314 5895 1683 2508 5321 8437 4610 167
366 2345 1398 2097 5352 7672 4902 364 160 786 1359 3377 1896 8952 5340 7368
367 2613 5673 7689 7642 1727 7653 6967 6351 1549 2453 605 1702
368 8924 7849 5239 3018 2483 419 2519 9982 4850 4090 962 1799 8830 4352
369 3514 5960 2109 5071 7858 8255 9323 9513 5276 6418 3280 140 2214 822 6754
370 4210 881 2048 697 5008 8008 684 2660 1895 8199 890 4773
371 2143 4086 5733 2989 6692 2735 9148 5311 6593 9525
372 545 6568 4239 7718 9918 4921 5613 9290 2740 4630 1211 7150 1347 2348 6083
373 2079 3508 162 4622 1625 8285 3145 423 4658 2977 4380 2493 4816 774 9088 1493 8659
374 8932 3489 8562 3683 49 1506 9869 9838 614 4848 2991 9041 3412 5299
375 7584 4709 6180 7368 3584 3019 3109 1284 7156 7927 8878 515 2201 4027
376 6223 5697 1400 6476 6724 5019 691 9799 4490 6133 5316 3333 7003 1914 5647
377 7991 7226 4710 6798 9679 29 2181 5546 1045 5033 3582 3476 6131 4608 3041
378 8003 4438 8444 9037 4025 2179 1836 2215 4673 1136 5118 5676
379 3154 5619 7435 7627 3779 6498 3502 5225 5799 2500 1606 8979 3993 7390
380 7503 2459 1224 4817 2488 846 7954 7127 6357 1290 5146 4833 7458 6550 2869 5882
381 5277 8281 5859 4121 5946 380 5386 8972 9791 9790 8309 270 6915 3459 3795 5481
382 1275 2384 8142 2156 3005 9125 1346 7494 3313 6098 8515 5279 1849
383 4297 306 8682 760 2576 7901 9700 7855 3620 837 8638 6666 6780 3792
384 7738 2539 1865 73 1868 1435 184 4356 2900 4810 4441
385 4734 2814 6697 9644 9747 7817 3903 5079 9903 9514 7670
386 9852 9640 7841 4843 304 3519 9874 925 9154 4736
387 3876 3827 7972 6217 3406 1533 8507 7463 4303 7500 4636 3000 1276 1670 1608 5340
388 9768 6127 4732 7178 4918 5665 9467 7090 31 4595 4863 8231 3795 7998 5882
389 8360 3324 3162 1589 2617 5660 2521 4586 4274 6376 2044 7567 805 8899
390 6866 8368 6039 2983 194 1875 3846 3036 6096 3482 1255 8662 9582 6808
391 4695 3374 6061 1132 4312 6456 4319 9091 7583 5911 3675 4144
392 5930 4733 4588 1722 7248 8722 4865 3273 9791 9047 8135 6056 8412 8723 3015
393 1894 143 2186 8266 6457 9796 8384 3279 6778 625 5267 2323 6640 6731 1337
394 8965 9623 8097 7757 4054 983 7486 2743 7728 2311 1036 3399 9242 4923 3099 8261 8950 1241
395 8966 3287 3794 9213 7603 3004 4246 4705 8649 5084 3231 9718 6839 1847
396 4765 5641 1300 8751 7854 1248 8160 7071 2746 9876 5924 6366
397 1318 3344 7874 5957 9539 7910 5740 6277 7636 2975 75 5299
398 9076 4707 2454 5570 9388 6415 5030 4797 9781 9572 2268 6976 4855 8038 7187 3113 9068 6574 3995 3070 2214
399 2912 3763 1868 4273 1981 9202 3251 5444 5621 7825 9343 5030 1197
400 5766 4188 1311 4332 2 6140 3799 4278 6366 3025 711 2822 1849 5882
401 4710 3469 4390 2900 3435 7718 4873 5033 8103 9865 3774 8920 1556 3144
402 1100 4611 8261 4981 3240 5310 7114 1539 1731 4684 2094 4775 3543 9696 4460 6596 2250 6598 3624 1849
403 4374 6086 1299 287 7841 4652 3122 9309 9159 132 2684
404 4436 5094 9688 8068 3900 3872 6996 6021 8993 1483 9993 3113 9035 5866 8437 1849
405 9948 3573 2688 7613 1162 6429 436 2243 4849 87 422 6228 2234 4427
406 3092 7161 3300 2287 1838 627 8947 389 6372 2491 5518 822 8898
407 2740 8701 5880 6384 5331 6351 6665 4622 2854 3818 6180 3041
408 4039 3882 6106 9366 8497 8522 3430 7570 6912 3636 7770 7448 9506 5295 4860 5882
409 1317 8121 9181 1005 5571 3041 8914 9894 7603 5964 8413 5080 6529 5840
410 2120 3443 7664 7455 9416 3273 5620 392 4663 3509 3439 5748 6780 8481
411 6520 4402 1294 8467 3146 7967 2214 5059 3792 6401 8845 4242 5079 7522
412 412 4400 1894 7275 9667 7622 8673 563 837 1237 7518 5219 5333 4344 2466 31 7994 6754
413 2188 4924 8465 4720 3371 2770 898 4971 7995 8517 7094 5699 2659 9010
414 7117 5730 7304 778 4345 8470 2996 453 1560 8824 5999 9849 3092
415 8364 590 7969 7990 4730 8638 2892 1446 9955 4789 1748 4914 1555 5295
416 2851 3576 9319 3323 2582 1885 426 4273 8767 5194 8849 2969 9940 1849 5882
417 9773 835 2501 5916 2626 9310 7079 9101 8838 6479 541 3622 1118 7894 2382 2545
418 3682 8726 8485 5303 8291 8720 6513 9662 6289 159 8205 3639 7000 1914 96
419 4273 3101 2901 275 9207 7824 7443 6699 6995 489 7651
420 7570 7895 1701 1357 879 4551 987 5240 9013 2121 7574 8857 1241 4352
421 7855 3434 7514 4020 867 4310 9051 6900 3042 3176 1793 7616 8116 3819
422 6619 1021 893 2951 8003 5323 2370 851 7741 8659 4969
423 8431 8962 5105 5503 2933 8228 5398 7040 1417 2164 219 1606 1886 8481
424 9271 6155 6709 4212 7226 6143 8646 1017 6477 9480 8296 7435 2806
425 7387 2387 4108 5997 5933 8977 169 5261 4218 8636 995 8649 7994
426 2403 7778 7037 7773 1259 1180 1619 1394 7300 1771 9096 8697 2932 2915 1847
427 6122 2090 34 1999 2354 2949 7945 9098 2293 7469 7599 7819 6532 5082 3144
428 4233 3795 3617 3520 2131 1047 8803 7636 3781 9436 7459 796 7326 7619 5854 1849 8898
429 7929 6782 3921 6085 1371 2103 4129 6943 2385 3775 6032 2490 5786 1617 3819
430 1097 4859 136 8132 784 5576 4496 4808 628 1430 8865 6143 234 7363 864 7710 7897
431 5616 1414 3659 7454 9678 2134 612 8199 5892 9420 3184 5985 7529 5299 96 5030
432 5829 1854 6169 575 3377 4940 5745 8893 2431 1465 3296 2905 3623 2342 9542 6183 173 5882 8830
433 375 7255 9054 8429 956 2517 9160 4384 1666 1987 3286 6152
434 6538 5504 6147 484 2637 9207 4384 2293 495 9025 9560 4519 6977 4978 5087 8097 1914
435 2280 9580 9098 3002 6049 6975 3480 5496 7364 1811 7789 7862 8529 8723
436 871 1232 6523 6989 3730 1140 6173 5002 5242 1065 4969
437 2583 9827 1422 370 8570 663 2330 5882 2406 4700 8537 1641 6958 7290 9730 8723
438 3292 7252 2504 8688 1915 4632 345 1062 1306 3831 9940 2202 1830 8723
439 7550 4831 5823 9417 1969 6809 2166 9254 7638 6950 926 3135 5796 4531 6365 1914
440 9203 2715 5976 9176 1069 9786 9605 6641 8838 2609 8898 4403 6152
441 9716 3693 4112 5022 9760 8614 8035 8163 1642 1332 8313 2557 950 2696
442 8042 3012 6615 8149 7874 5045 2944 3003 1971 8644 9126 4564 8748 4544
443 7379 7660 4017 5561 6617 2944 8090 7060 2446 2463 7165 5799
444 3703 7442 5291 2303 7138 269 2540 5795 7206 213 7613 8898
445 9162 1608 4269 4976 1260 9460 2467 701 486 6979 5393 7608 9206 1606 8015 2525 414 2726
446 7437 7659 3929 9922 2555 1057 4253 8666 5115 7641 5911 5330 2021 4572 5030 822 7335 6460
447 9669 7382 5366 1190 3150 2058 9771 7957 9404 1629 4185 9682 5639 9394 995 8487 6791 728 5747 3795
448 6189 1760 1521 1584 8151 4993 3766 7005 6895 4774 7730 54 3196 9347 5611
449 7335 165 6293 3333 1174 5066 5339 9749 8351 705 3057 8870 1295 6550 5890 3819 7686
450 4884 1621 2432 5781 4724 2397 8546 6911 5188 9754 3299 6418 6255 2645 9762 8097 4352
451 6086 304 7668 9484 8272 9884 8143 1762 7963 2091 1739 3271 5890
452 9271 7552 4471 7161 5100 6785 2416 4477 365 8920 6315 6798
453 3048 4975 242 7491 7710 4033 7361 2372 1539 1137 3527 8941 4888 7830 5676
454 7071 9971 8823 6159 2304 3035 7176 8293 9405 862 6015 9509 1849 6574 8261 4352
455 5935 1194 3549 4261 3153 6293 343 1986 9153 522 6628 1841 6798
456 5527 9810 9184 7166 3193 3218 2561 1363 9210 3412 8769 3562 3427 5271 1216
457 6497 1278 2823 5671 2293 5622 1165 6878 3555 9279 7500 1914
458 9296 4932 2109 1354 1283 648 2218 2254 5103 4186 9355 986 6460 6956 8898
459 6484 934 4803 1430 944 3927 664 9810 7273 4794 2922 3159 5624 8121 42 4533 9111
460 9597 3212 8425 4904 2474 6759 3802 8830 9786 8587 7314 9374 3494 2094 1849
461 1495 1191 7672 4996 9895 4606 302 2450 5707 7025 8037 7932 4944 2932
462 8240 9239 3087 8556 9351 2357 8533 1462 8830 8769 9791
463 5392 8315 1526 6732 6453 9051 5018 5463 8276 2949 3309 4949 2828 5608 4544
464 6458 6623 5790 4599 1928 8784 933 4737 9138 6906 621 8739 822 7368
465 8630 6281 7996 1157 4745 5339 9500 1379 2662 7872 5077 6615
466 4228 7360 8245 3281 3252 2770 3587 8387 7178 4599 4440 7988
467 1342 1659 9460 8947 3329 9617 7 4146 9454 3268 1059 3934 7116 2272 4745
468 1085 603 2133 3455 7572 4665 432 3521 3505 995 8182 6718
469 5176 1391 2869 3144 1640 8449 5405 3295 1163 2655 8392
470 3644 7023 8119 2086 316 9632 3044 5265 4515 8022 7191 4345 6482 9040 3205 324 8151 8229 6780
471 476 3263 3480 9425 4538 1867 6270 8653 1699 4197 9368 2571 6798
472 7075 8844 1375 9130 4536 4801 4986 8747 7367 9595 1342 9277 9581 9134
473 8875 6883 9522 5799 1241 9265 64 6690 7253 4278 7415 9199 4126
474 3730 4798 4411 8455 5499 5840 628 5476 7237 5183 3790 3664 9361 8261
475 6363 6821 8347 108 8782 4660 7795 3702 4985 9626 6427 6846 3144 6773 6808
476 4237 3647 2886 4966 8953 5040 3080 7945 2574 4348 3732 3236 4969
477 9984 4783 8026 1196 3547 6635 5955 764 3625 2872 2306 3819
478 5772 2537 3858 7835 1035 6448 8444 3216 2653 9628 6610 8189
479 212 733 9311 834 4689 63 6616 3603 5581 1447 5493 4126
480 9595 1375 3527 3595 6803 8678 8155 6684 8406 2336 4263 4282 545 3835 3819
481 3032 3444 1094 9932 8798 8169 2701 115 5625 1614 2625 5676
482 2122 3142 9130 4713 139 2974 5443 1917 8646 347 1161 1549 1602 4736 1886 5882
483 100 7400 8246 6796 5557 4567 1653 4107 9830 7263 6614 7116 7775 6792 3015
484 2993 6208 901 6814 1386 3353 4278 1246 9444 3432 4198 1171 3179 5349 805
485 2890 6665 6737 5510 502 4574 765 8764 1180 6335 3890
486 2084 7240 2154 2082 4902 9610 1354 1068 9484 6966 245 819 580 6956
487 2390 5719 7727 5145 7743 2261 45 6451 1053 2898 7998 3805 6883 1443 2017 6837 369
488 882 1733 4572 8805 6157 7755 445 1511 6472 3464 3892 7348 7778 8097
489 5449 158 7936 4213 8059 8187 5342 6889 834 376 2855 3998 2989 2883 1914 5647
490 1242 5019 7235 9016 2824 1387 8906 9838 3049 8816 2099 4731 2856 8822 7280 1241
491 2923 6398 2915 1892 1928 5946 3046 6545 6702 8085 6678 5663 3658 8523 4544
492 5328 2188 9470 3095 7870 4706 4233 9951 3573 6297 8649 5816 4736
493 8442 2157 1863 4501 819 3130 6831 5396 6144 5775 4794 3819 9818
494 9217 6446 7329 1053 5040 8439 8174 2560 546 4447 6653 3465 6311 5882
495 1723 5237 5487 4423 8786 9960 5950 1918 4240 7583 6532 8399
496 8013 7686 4672 1749 8817 4326 6 2915 2854 3478 4669 995 4208 2529
497 1046 7569 7418 5903 6552 4641 6169 6406 1814 9088 8261 9133 4352
498 4168 4013 8315 5207 500 9478 5430 2599 5301 3928 6529 6761 1056 4499 173 1886
499 8553 8415 974 260 5584 2599 1799 937 6105 4736
